
@----------------------------------------------------------@
|        PLINK!       |     v1.07      |   10/Aug/2009     |
|----------------------------------------------------------|
|  (C) 2009 Shaun Purcell, GNU General Public License, v2  |
|----------------------------------------------------------|
|  For documentation, citation & bug-report instructions:  |
|        http://pngu.mgh.harvard.edu/purcell/plink/        |
@----------------------------------------------------------@

Web-based version check ( --noweb to skip )
Recent cached web-check found... OK, v1.07 is current

+++ PLINK 1.9 is now available! See above website for details +++ 

Writing this text to log file [ SORCS2.Ydb.log ]
Analysis started: Thu Dec 03 15:22:34 2015

Options in effect:
	--lfile SORCS2.Ydb
	--hap-window 4
	--hap-logistic
	--covar SORCS2.Ydb_cov.txt
	--covar-name RS,AUT,NCRAD,NW,SEX,Age,APOE4dose,APOE2dose
	--ci 0.95
	--mhf 0.005
	--hap-omnibus
	--out SORCS2.Ydb

** For gPLINK compatibility, do not use '.' in --out **
4 (of 4) markers to be included from [ SORCS2.Ydb.map ]
Reading pedigree information from [ SORCS2.Ydb.fam ] 
7727 individuals read from [ SORCS2.Ydb.fam ] 
7727 individuals with nonmissing phenotypes
Assuming a disease phenotype (1=unaff, 2=aff, 0=miss)
Missing phenotype value is also -9
3567 cases, 4160 controls and 0 missing
3193 males, 4534 females, and 0 of unspecified sex
Reading 9 covariates from [ SORCS2.Ydb_cov.txt ] with nonmissing values for 7727 individuals
Selected subset of 8 from 9 covariates
For these, nonmissing covariate values for 7727 individuals
Before frequency and genotyping pruning, there are 4 SNPs
7727 founders and 0 non-founders found
Total genotyping rate in remaining individuals is 0.95891
0 SNPs failed missingness test ( GENO > 1 )
0 SNPs failed frequency test ( MAF < 0 )
After frequency and genotyping pruning, there are 4 SNPs
After filtering, 3567 cases, 4160 controls and 0 missing
After filtering, 3193 males, 4534 females, and 0 of unspecified sex

Created 1 sliding windows
Estimating haplotype frequencies/phases ( MHF >= 0.005 )
Considering phases P(H|G) >= 0.01
Requiring per individual per haplotype missingness < 0.5 
Writing haplotype results to [ SORCS2.Ydb.assoc.hap.logistic ]
Converting data to Individual-major format

Analysis finished: Thu Dec 03 15:22:35 2015

